2022-10-09 00:07:02,300  INFO [main] SauceDemo:45 - Browser open
2022-10-09 00:07:02,426  INFO [main] SauceDemo:49 - Browser maximize
2022-10-09 00:07:04,887  INFO [main] SauceDemo:51 - Website open
2022-10-09 00:07:05,156  INFO [main] SauceDemo:56 - USERNAME PASSED
2022-10-09 00:07:05,230  INFO [main] SauceDemo:58 - PASSWORD PASSED
2022-10-09 00:07:07,114  INFO [main] SauceDemo:61 - CLICK ON LOGIN
2022-10-09 00:07:18,914  INFO [main] SauceDemo:64 - Validation apply
2022-10-09 00:07:18,929  INFO [main] SauceDemo:27 - Apply Validation
2022-10-09 00:07:19,612  INFO [main] SauceDemo:83 - browser is closed
2022-10-09 00:07:19,613  INFO [main] SauceDemo:85 - end of Program
2022-10-09 00:07:23,031  INFO [main] SauceDemo:46 - Browser open
2022-10-09 00:07:23,156  INFO [main] SauceDemo:50 - Browser maximize
2022-10-09 00:07:26,145  INFO [main] SauceDemo:52 - Website open
2022-10-09 00:07:26,222  INFO [main] SauceDemo:27 -  Wrong Username Passed
2022-10-09 00:07:26,292  INFO [main] SauceDemo:29 - Wrong Password Passed
2022-10-09 00:07:29,665  INFO [main] SauceDemo:32 - Login Clicked
2022-10-09 00:07:29,763  INFO [main] SauceDemo:34 - Apply Validation
2022-10-09 00:07:30,505  INFO [main] SauceDemo:59 - browser is closed
2022-10-09 00:07:30,506  INFO [main] SauceDemo:61 - end of Program
2022-10-09 00:07:32,743  INFO [main] SauceDemo:45 - Browser open
2022-10-09 00:07:32,871  INFO [main] SauceDemo:49 - Browser maximize
2022-10-09 00:07:35,480  INFO [main] SauceDemo:51 - Website open
2022-10-09 00:07:35,565  INFO [main] SauceDemo:56 - USERNAME PASSED
2022-10-09 00:07:35,645  INFO [main] SauceDemo:58 - PASSWORD PASSED
2022-10-09 00:07:37,839  INFO [main] SauceDemo:61 - CLICK ON LOGIN
2022-10-09 00:07:49,485  INFO [main] SauceDemo:64 - Validation apply
2022-10-09 00:07:49,776  INFO [main] SauceDemo:28 - Apply Validation
2022-10-09 00:07:50,116  INFO [main] SauceDemo:83 - browser is closed
2022-10-09 00:07:50,117  INFO [main] SauceDemo:85 - end of Program
2022-10-09 00:07:51,989  INFO [main] SauceDemo:45 - Browser open
2022-10-09 00:07:52,115  INFO [main] SauceDemo:49 - Browser maximize
2022-10-09 00:07:54,401  INFO [main] SauceDemo:51 - Website open
2022-10-09 00:07:54,487  INFO [main] SauceDemo:56 - USERNAME PASSED
2022-10-09 00:07:54,562  INFO [main] SauceDemo:58 - PASSWORD PASSED
2022-10-09 00:07:57,185  INFO [main] SauceDemo:61 - CLICK ON LOGIN
2022-10-09 00:08:08,704  INFO [main] SauceDemo:64 - Validation apply
2022-10-09 00:08:10,024  INFO [main] SauceDemo:28 - ADD IN A CART
2022-10-09 00:08:10,025  INFO [main] SauceDemo:29 - Apply Validation
2022-10-09 00:08:10,462  INFO [main] SauceDemo:83 - browser is closed
2022-10-09 00:08:10,462  INFO [main] SauceDemo:85 - end of Program
2022-10-09 00:08:12,539  INFO [main] SauceDemo:45 - Browser open
2022-10-09 00:08:12,664  INFO [main] SauceDemo:49 - Browser maximize
2022-10-09 00:08:14,780  INFO [main] SauceDemo:51 - Website open
2022-10-09 00:08:14,869  INFO [main] SauceDemo:56 - USERNAME PASSED
2022-10-09 00:08:14,942  INFO [main] SauceDemo:58 - PASSWORD PASSED
2022-10-09 00:08:17,707  INFO [main] SauceDemo:61 - CLICK ON LOGIN
2022-10-09 00:08:23,945  INFO [main] SauceDemo:64 - Validation apply
2022-10-09 00:08:24,003  INFO [main] SauceDemo:28 - ADD IN A CART LOGO SHOWING NUMBER OF PRODUCT
2022-10-09 00:08:24,003  INFO [main] SauceDemo:29 - Apply Validation
2022-10-09 00:08:29,161  INFO [main] SauceDemo:41 - IN THE CART
2022-10-09 00:08:29,457  INFO [main] SauceDemo:83 - browser is closed
2022-10-09 00:08:29,458  INFO [main] SauceDemo:85 - end of Program
2022-10-09 00:08:30,905  INFO [main] SauceDemo:45 - Browser open
2022-10-09 00:08:31,031  INFO [main] SauceDemo:49 - Browser maximize
2022-10-09 00:08:33,307  INFO [main] SauceDemo:51 - Website open
2022-10-09 00:08:33,394  INFO [main] SauceDemo:56 - USERNAME PASSED
2022-10-09 00:08:33,466  INFO [main] SauceDemo:58 - PASSWORD PASSED
2022-10-09 00:08:36,320  INFO [main] SauceDemo:61 - CLICK ON LOGIN
2022-10-09 00:08:47,888  INFO [main] SauceDemo:64 - Validation apply
2022-10-09 00:08:49,392  INFO [main] SauceDemo:44 - IN THE CART
2022-10-09 00:08:49,552  INFO [main] SauceDemo:51 - INFO PAGE
2022-10-09 00:08:49,626  INFO [main] SauceDemo:57 - FIRST NAME PASSED
2022-10-09 00:08:49,713  INFO [main] SauceDemo:60 - LAST NAME PASSED
2022-10-09 00:08:49,791  INFO [main] SauceDemo:63 - ZIP CODE PASSED
2022-10-09 00:08:49,970  INFO [main] SauceDemo:66 - Continue Button Clicked
2022-10-09 00:08:50,147  INFO [main] SauceDemo:73 - OVERVIEW COMPLETE
2022-10-09 00:08:50,147  INFO [main] SauceDemo:74 - Apply Validation
2022-10-09 00:08:50,454  INFO [main] SauceDemo:83 - browser is closed
2022-10-09 00:08:50,454  INFO [main] SauceDemo:85 - end of Program
2022-10-09 00:08:51,915  INFO [main] SauceDemo:45 - Browser open
2022-10-09 00:08:52,043  INFO [main] SauceDemo:49 - Browser maximize
2022-10-09 00:08:54,306  INFO [main] SauceDemo:51 - Website open
2022-10-09 00:08:54,391  INFO [main] SauceDemo:56 - USERNAME PASSED
2022-10-09 00:08:54,467  INFO [main] SauceDemo:58 - PASSWORD PASSED
2022-10-09 00:08:57,300  INFO [main] SauceDemo:61 - CLICK ON LOGIN
2022-10-09 00:09:08,842  INFO [main] SauceDemo:64 - Validation apply
2022-10-09 00:09:08,898  INFO [main] SauceDemo:30 - ADD IN A CART LOGO SHOWING NUMBER OF PRODUCT
2022-10-09 00:09:08,898  INFO [main] SauceDemo:31 - Apply Validation
2022-10-09 00:09:08,985  INFO [main] SauceDemo:45 - IN THE CART
2022-10-09 00:09:09,036  INFO [main] SauceDemo:51 - INFO PAGE
2022-10-09 00:09:09,106  INFO [main] SauceDemo:57 - FIRST NAME PASSED
2022-10-09 00:09:09,194  INFO [main] SauceDemo:60 - LAST NAME PASSED
2022-10-09 00:09:09,276  INFO [main] SauceDemo:63 - ZIP CODE PASSED
2022-10-09 00:09:09,345  INFO [main] SauceDemo:66 - Continue Button Clicked
2022-10-09 00:09:09,405  INFO [main] SauceDemo:72 - OVERVIEW COMPLETE
2022-10-09 00:09:09,405  INFO [main] SauceDemo:73 - Apply Validation
2022-10-09 00:09:11,033  INFO [main] SauceDemo:85 - MENU WINDOW OPEN
2022-10-09 00:09:11,080  INFO [main] SauceDemo:88 - Logout Button Clicked
2022-10-09 00:09:11,080  INFO [main] SauceDemo:89 - Apply Validation
2022-10-09 00:09:11,392  INFO [main] SauceDemo:83 - browser is closed
2022-10-09 00:09:11,392  INFO [main] SauceDemo:85 - end of Program
2022-10-09 00:09:12,896  INFO [main] SauceDemo:45 - Browser open
2022-10-09 00:09:13,020  INFO [main] SauceDemo:49 - Browser maximize
2022-10-09 00:09:15,284  INFO [main] SauceDemo:51 - Website open
2022-10-09 00:09:15,367  INFO [main] SauceDemo:56 - USERNAME PASSED
2022-10-09 00:09:15,438  INFO [main] SauceDemo:58 - PASSWORD PASSED
2022-10-09 00:09:18,373  INFO [main] SauceDemo:61 - CLICK ON LOGIN
2022-10-09 00:09:20,525  INFO [main] SauceDemo:64 - Validation apply
2022-10-09 00:09:27,915  INFO [main] SauceDemo:27 - Filter Clicked
2022-10-09 00:09:27,915  INFO [main] SauceDemo:28 - Apply Validation
2022-10-09 00:09:28,306  INFO [main] SauceDemo:83 - browser is closed
2022-10-09 00:09:28,306  INFO [main] SauceDemo:85 - end of Program
2022-10-09 00:37:29,692  INFO [main] SauceDemo:45 - Browser open
2022-10-09 00:37:29,850  INFO [main] SauceDemo:49 - Browser maximize
2022-10-09 00:37:33,099  INFO [main] SauceDemo:51 - Website open
2022-10-09 00:37:33,629  INFO [main] SauceDemo:56 - USERNAME PASSED
2022-10-09 00:37:33,705  INFO [main] SauceDemo:58 - PASSWORD PASSED
2022-10-09 00:37:34,781  INFO [main] SauceDemo:61 - CLICK ON LOGIN
2022-10-09 00:37:36,969  INFO [main] SauceDemo:64 - Validation apply
2022-10-09 00:37:36,984  INFO [main] SauceDemo:27 - Apply Validation
2022-10-09 00:37:37,568  INFO [main] SauceDemo:83 - browser is closed
2022-10-09 00:37:37,569  INFO [main] SauceDemo:85 - end of Program
2022-10-09 00:37:40,132  INFO [main] SauceDemo:46 - Browser open
2022-10-09 00:37:40,259  INFO [main] SauceDemo:50 - Browser maximize
2022-10-09 00:37:42,367  INFO [main] SauceDemo:52 - Website open
2022-10-09 00:37:42,503  INFO [main] SauceDemo:27 -  Wrong Username Passed
2022-10-09 00:37:42,572  INFO [main] SauceDemo:29 - Wrong Password Passed
2022-10-09 00:37:45,771  INFO [main] SauceDemo:32 - Login Clicked
2022-10-09 00:37:45,894  INFO [main] SauceDemo:34 - Apply Validation
2022-10-09 00:37:46,399  INFO [main] SauceDemo:59 - browser is closed
2022-10-09 00:37:46,399  INFO [main] SauceDemo:61 - end of Program
2022-10-09 00:37:47,843  INFO [main] SauceDemo:45 - Browser open
2022-10-09 00:37:47,971  INFO [main] SauceDemo:49 - Browser maximize
2022-10-09 00:37:50,340  INFO [main] SauceDemo:51 - Website open
2022-10-09 00:37:50,426  INFO [main] SauceDemo:56 - USERNAME PASSED
2022-10-09 00:37:50,497  INFO [main] SauceDemo:58 - PASSWORD PASSED
2022-10-09 00:37:53,281  INFO [main] SauceDemo:61 - CLICK ON LOGIN
2022-10-09 00:38:04,877  INFO [main] SauceDemo:64 - Validation apply
2022-10-09 00:38:05,184  INFO [main] SauceDemo:28 - Apply Validation
2022-10-09 00:38:05,748  INFO [main] SauceDemo:83 - browser is closed
2022-10-09 00:38:05,749  INFO [main] SauceDemo:85 - end of Program
2022-10-09 00:38:08,357  INFO [main] SauceDemo:45 - Browser open
2022-10-09 00:38:08,484  INFO [main] SauceDemo:49 - Browser maximize
2022-10-09 00:38:10,516  INFO [main] SauceDemo:51 - Website open
2022-10-09 00:38:10,603  INFO [main] SauceDemo:56 - USERNAME PASSED
2022-10-09 00:38:10,693  INFO [main] SauceDemo:58 - PASSWORD PASSED
2022-10-09 00:38:12,909  INFO [main] SauceDemo:61 - CLICK ON LOGIN
2022-10-09 00:38:24,561  INFO [main] SauceDemo:64 - Validation apply
2022-10-09 00:38:25,866  INFO [main] SauceDemo:28 - ADD IN A CART
2022-10-09 00:38:25,866  INFO [main] SauceDemo:29 - Apply Validation
2022-10-09 00:38:26,301  INFO [main] SauceDemo:83 - browser is closed
2022-10-09 00:38:26,301  INFO [main] SauceDemo:85 - end of Program
2022-10-09 00:38:28,844  INFO [main] SauceDemo:45 - Browser open
2022-10-09 00:38:28,971  INFO [main] SauceDemo:49 - Browser maximize
2022-10-09 00:38:30,879  INFO [main] SauceDemo:51 - Website open
2022-10-09 00:38:30,974  INFO [main] SauceDemo:56 - USERNAME PASSED
2022-10-09 00:38:31,056  INFO [main] SauceDemo:58 - PASSWORD PASSED
2022-10-09 00:38:33,527  INFO [main] SauceDemo:61 - CLICK ON LOGIN
2022-10-09 00:38:45,222  INFO [main] SauceDemo:64 - Validation apply
2022-10-09 00:38:45,276  INFO [main] SauceDemo:28 - ADD IN A CART LOGO SHOWING NUMBER OF PRODUCT
2022-10-09 00:38:45,276  INFO [main] SauceDemo:29 - Apply Validation
2022-10-09 00:38:46,404  INFO [main] SauceDemo:41 - IN THE CART
2022-10-09 00:38:46,790  INFO [main] SauceDemo:83 - browser is closed
2022-10-09 00:38:46,790  INFO [main] SauceDemo:85 - end of Program
2022-10-09 00:38:49,074  INFO [main] SauceDemo:45 - Browser open
2022-10-09 00:38:49,203  INFO [main] SauceDemo:49 - Browser maximize
2022-10-09 00:38:51,172  INFO [main] SauceDemo:51 - Website open
2022-10-09 00:38:51,256  INFO [main] SauceDemo:56 - USERNAME PASSED
2022-10-09 00:38:51,334  INFO [main] SauceDemo:58 - PASSWORD PASSED
2022-10-09 00:38:54,068  INFO [main] SauceDemo:61 - CLICK ON LOGIN
2022-10-09 00:39:04,723  INFO [main] SauceDemo:64 - Validation apply
2022-10-09 00:39:06,180  INFO [main] SauceDemo:44 - IN THE CART
2022-10-09 00:39:06,346  INFO [main] SauceDemo:51 - INFO PAGE
2022-10-09 00:39:06,432  INFO [main] SauceDemo:57 - FIRST NAME PASSED
2022-10-09 00:39:06,518  INFO [main] SauceDemo:60 - LAST NAME PASSED
2022-10-09 00:39:06,604  INFO [main] SauceDemo:63 - ZIP CODE PASSED
2022-10-09 00:39:06,854  INFO [main] SauceDemo:66 - Continue Button Clicked
2022-10-09 00:39:07,073  INFO [main] SauceDemo:73 - OVERVIEW COMPLETE
2022-10-09 00:39:07,073  INFO [main] SauceDemo:74 - Apply Validation
2022-10-09 00:39:07,433  INFO [main] SauceDemo:83 - browser is closed
2022-10-09 00:39:07,434  INFO [main] SauceDemo:85 - end of Program
2022-10-09 00:39:10,002  INFO [main] SauceDemo:45 - Browser open
2022-10-09 00:39:10,127  INFO [main] SauceDemo:49 - Browser maximize
2022-10-09 00:39:12,770  INFO [main] SauceDemo:51 - Website open
2022-10-09 00:39:12,861  INFO [main] SauceDemo:56 - USERNAME PASSED
2022-10-09 00:39:12,932  INFO [main] SauceDemo:58 - PASSWORD PASSED
2022-10-09 00:39:15,062  INFO [main] SauceDemo:61 - CLICK ON LOGIN
2022-10-09 00:39:26,636  INFO [main] SauceDemo:64 - Validation apply
2022-10-09 00:39:26,690  INFO [main] SauceDemo:30 - ADD IN A CART LOGO SHOWING NUMBER OF PRODUCT
2022-10-09 00:39:26,690  INFO [main] SauceDemo:31 - Apply Validation
2022-10-09 00:39:26,777  INFO [main] SauceDemo:45 - IN THE CART
2022-10-09 00:39:26,830  INFO [main] SauceDemo:51 - INFO PAGE
2022-10-09 00:39:26,900  INFO [main] SauceDemo:57 - FIRST NAME PASSED
2022-10-09 00:39:26,991  INFO [main] SauceDemo:60 - LAST NAME PASSED
2022-10-09 00:39:27,067  INFO [main] SauceDemo:63 - ZIP CODE PASSED
2022-10-09 00:39:27,139  INFO [main] SauceDemo:66 - Continue Button Clicked
2022-10-09 00:39:27,198  INFO [main] SauceDemo:72 - OVERVIEW COMPLETE
2022-10-09 00:39:27,199  INFO [main] SauceDemo:73 - Apply Validation
2022-10-09 00:39:28,823  INFO [main] SauceDemo:85 - MENU WINDOW OPEN
2022-10-09 00:39:28,877  INFO [main] SauceDemo:88 - Logout Button Clicked
2022-10-09 00:39:28,878  INFO [main] SauceDemo:89 - Apply Validation
2022-10-09 00:39:29,295  INFO [main] SauceDemo:83 - browser is closed
2022-10-09 00:39:29,295  INFO [main] SauceDemo:85 - end of Program
2022-10-09 00:39:30,763  INFO [main] SauceDemo:45 - Browser open
2022-10-09 00:39:30,888  INFO [main] SauceDemo:49 - Browser maximize
2022-10-09 00:39:33,134  INFO [main] SauceDemo:51 - Website open
2022-10-09 00:39:33,217  INFO [main] SauceDemo:56 - USERNAME PASSED
2022-10-09 00:39:33,286  INFO [main] SauceDemo:58 - PASSWORD PASSED
2022-10-09 00:39:36,130  INFO [main] SauceDemo:61 - CLICK ON LOGIN
2022-10-09 00:39:46,615  INFO [main] SauceDemo:64 - Validation apply
2022-10-09 00:39:47,012  INFO [main] SauceDemo:27 - Filter Clicked
2022-10-09 00:39:47,012  INFO [main] SauceDemo:28 - Apply Validation
2022-10-09 00:39:47,358  INFO [main] SauceDemo:83 - browser is closed
2022-10-09 00:39:47,358  INFO [main] SauceDemo:85 - end of Program
2022-10-09 04:44:45,779  INFO [main] SauceDemo:45 - Browser open
2022-10-09 04:44:45,908  INFO [main] SauceDemo:49 - Browser maximize
2022-10-09 04:44:48,314  INFO [main] SauceDemo:51 - Website open
2022-10-09 04:44:48,441  INFO [main] SauceDemo:56 - USERNAME PASSED
2022-10-09 04:44:48,525  INFO [main] SauceDemo:58 - PASSWORD PASSED
2022-10-09 04:44:50,348  INFO [main] SauceDemo:61 - CLICK ON LOGIN
2022-10-09 04:44:58,859  INFO [main] SauceDemo:64 - Validation apply
2022-10-09 04:44:58,874  INFO [main] SauceDemo:27 - Apply Validation
2022-10-09 04:44:59,454  INFO [main] SauceDemo:83 - browser is closed
2022-10-09 04:44:59,454  INFO [main] SauceDemo:85 - end of Program
2022-10-09 04:45:01,936  INFO [main] SauceDemo:46 - Browser open
2022-10-09 04:45:02,056  INFO [main] SauceDemo:50 - Browser maximize
2022-10-09 04:45:05,428  INFO [main] SauceDemo:52 - Website open
2022-10-09 04:45:05,506  INFO [main] SauceDemo:27 -  Wrong Username Passed
2022-10-09 04:45:05,568  INFO [main] SauceDemo:29 - Wrong Password Passed
2022-10-09 04:45:08,234  INFO [main] SauceDemo:32 - Login Clicked
2022-10-09 04:45:08,331  INFO [main] SauceDemo:34 - Apply Validation
2022-10-09 04:45:08,727  INFO [main] SauceDemo:59 - browser is closed
2022-10-09 04:45:08,728  INFO [main] SauceDemo:61 - end of Program
2022-10-09 04:45:10,298  INFO [main] SauceDemo:45 - Browser open
2022-10-09 04:45:10,438  INFO [main] SauceDemo:49 - Browser maximize
2022-10-09 04:45:12,925  INFO [main] SauceDemo:51 - Website open
2022-10-09 04:45:13,016  INFO [main] SauceDemo:56 - USERNAME PASSED
2022-10-09 04:45:13,095  INFO [main] SauceDemo:58 - PASSWORD PASSED
2022-10-09 04:45:14,943  INFO [main] SauceDemo:61 - CLICK ON LOGIN
2022-10-09 04:45:17,088  INFO [main] SauceDemo:64 - Validation apply
2022-10-09 04:45:27,719  INFO [main] SauceDemo:28 - Apply Validation
2022-10-09 04:45:28,465  INFO [main] SauceDemo:83 - browser is closed
2022-10-09 04:45:28,465  INFO [main] SauceDemo:85 - end of Program
2022-10-09 04:45:30,904  INFO [main] SauceDemo:45 - Browser open
2022-10-09 04:45:31,035  INFO [main] SauceDemo:49 - Browser maximize
2022-10-09 04:45:32,711  INFO [main] SauceDemo:51 - Website open
2022-10-09 04:45:32,801  INFO [main] SauceDemo:56 - USERNAME PASSED
2022-10-09 04:45:32,876  INFO [main] SauceDemo:58 - PASSWORD PASSED
2022-10-09 04:45:34,968  INFO [main] SauceDemo:61 - CLICK ON LOGIN
2022-10-09 04:45:47,589  INFO [main] SauceDemo:64 - Validation apply
2022-10-09 04:45:48,895  INFO [main] SauceDemo:28 - ADD IN A CART
2022-10-09 04:45:48,895  INFO [main] SauceDemo:29 - Apply Validation
2022-10-09 04:45:49,240  INFO [main] SauceDemo:83 - browser is closed
2022-10-09 04:45:49,241  INFO [main] SauceDemo:85 - end of Program
2022-10-09 04:45:50,732  INFO [main] SauceDemo:45 - Browser open
2022-10-09 04:45:50,864  INFO [main] SauceDemo:49 - Browser maximize
2022-10-09 04:45:53,067  INFO [main] SauceDemo:51 - Website open
2022-10-09 04:45:53,156  INFO [main] SauceDemo:56 - USERNAME PASSED
2022-10-09 04:45:53,230  INFO [main] SauceDemo:58 - PASSWORD PASSED
2022-10-09 04:45:55,129  INFO [main] SauceDemo:61 - CLICK ON LOGIN
2022-10-09 04:45:57,285  INFO [main] SauceDemo:64 - Validation apply
2022-10-09 04:45:57,344  INFO [main] SauceDemo:28 - ADD IN A CART LOGO SHOWING NUMBER OF PRODUCT
2022-10-09 04:45:57,344  INFO [main] SauceDemo:29 - Apply Validation
2022-10-09 04:46:07,669  INFO [main] SauceDemo:41 - IN THE CART
2022-10-09 04:46:08,039  INFO [main] SauceDemo:83 - browser is closed
2022-10-09 04:46:08,040  INFO [main] SauceDemo:85 - end of Program
2022-10-09 04:46:09,551  INFO [main] SauceDemo:45 - Browser open
2022-10-09 04:46:09,671  INFO [main] SauceDemo:49 - Browser maximize
2022-10-09 04:46:11,899  INFO [main] SauceDemo:51 - Website open
2022-10-09 04:46:11,988  INFO [main] SauceDemo:56 - USERNAME PASSED
2022-10-09 04:46:12,061  INFO [main] SauceDemo:58 - PASSWORD PASSED
2022-10-09 04:46:13,964  INFO [main] SauceDemo:61 - CLICK ON LOGIN
2022-10-09 04:46:16,145  INFO [main] SauceDemo:64 - Validation apply
2022-10-09 04:46:28,692  INFO [main] SauceDemo:44 - IN THE CART
2022-10-09 04:46:28,858  INFO [main] SauceDemo:51 - INFO PAGE
2022-10-09 04:46:29,029  INFO [main] SauceDemo:57 - FIRST NAME PASSED
2022-10-09 04:46:29,126  INFO [main] SauceDemo:60 - LAST NAME PASSED
2022-10-09 04:46:29,211  INFO [main] SauceDemo:63 - ZIP CODE PASSED
2022-10-09 04:46:29,394  INFO [main] SauceDemo:66 - Continue Button Clicked
2022-10-09 04:46:29,587  INFO [main] SauceDemo:73 - OVERVIEW COMPLETE
2022-10-09 04:46:29,588  INFO [main] SauceDemo:74 - Apply Validation
2022-10-09 04:46:30,093  INFO [main] SauceDemo:83 - browser is closed
2022-10-09 04:46:30,094  INFO [main] SauceDemo:85 - end of Program
2022-10-09 04:46:32,327  INFO [main] SauceDemo:45 - Browser open
2022-10-09 04:46:32,462  INFO [main] SauceDemo:49 - Browser maximize
2022-10-09 04:46:35,325  INFO [main] SauceDemo:51 - Website open
2022-10-09 04:46:35,410  INFO [main] SauceDemo:56 - USERNAME PASSED
2022-10-09 04:46:35,486  INFO [main] SauceDemo:58 - PASSWORD PASSED
2022-10-09 04:46:37,237  INFO [main] SauceDemo:61 - CLICK ON LOGIN
2022-10-09 04:46:46,377  INFO [main] SauceDemo:64 - Validation apply
2022-10-09 04:46:46,435  INFO [main] SauceDemo:30 - ADD IN A CART LOGO SHOWING NUMBER OF PRODUCT
2022-10-09 04:46:46,435  INFO [main] SauceDemo:31 - Apply Validation
2022-10-09 04:46:46,519  INFO [main] SauceDemo:45 - IN THE CART
2022-10-09 04:46:46,573  INFO [main] SauceDemo:51 - INFO PAGE
2022-10-09 04:46:46,644  INFO [main] SauceDemo:57 - FIRST NAME PASSED
2022-10-09 04:46:46,724  INFO [main] SauceDemo:60 - LAST NAME PASSED
2022-10-09 04:46:46,795  INFO [main] SauceDemo:63 - ZIP CODE PASSED
2022-10-09 04:46:46,881  INFO [main] SauceDemo:66 - Continue Button Clicked
2022-10-09 04:46:46,934  INFO [main] SauceDemo:72 - OVERVIEW COMPLETE
2022-10-09 04:46:46,934  INFO [main] SauceDemo:73 - Apply Validation
2022-10-09 04:46:51,427  INFO [main] SauceDemo:85 - MENU WINDOW OPEN
2022-10-09 04:46:51,481  INFO [main] SauceDemo:88 - Logout Button Clicked
2022-10-09 04:46:51,481  INFO [main] SauceDemo:89 - Apply Validation
2022-10-09 04:46:53,573  INFO [main] SauceDemo:83 - browser is closed
2022-10-09 04:46:53,573  INFO [main] SauceDemo:85 - end of Program
2022-10-09 04:46:55,700  INFO [main] SauceDemo:45 - Browser open
2022-10-09 04:46:55,833  INFO [main] SauceDemo:49 - Browser maximize
2022-10-09 04:46:57,729  INFO [main] SauceDemo:51 - Website open
2022-10-09 04:46:57,817  INFO [main] SauceDemo:56 - USERNAME PASSED
2022-10-09 04:46:57,892  INFO [main] SauceDemo:58 - PASSWORD PASSED
2022-10-09 04:46:59,740  INFO [main] SauceDemo:61 - CLICK ON LOGIN
2022-10-09 04:47:12,386  INFO [main] SauceDemo:64 - Validation apply
2022-10-09 04:47:12,789  INFO [main] SauceDemo:27 - Filter Clicked
2022-10-09 04:47:12,789  INFO [main] SauceDemo:28 - Apply Validation
2022-10-09 04:47:13,353  INFO [main] SauceDemo:83 - browser is closed
2022-10-09 04:47:13,354  INFO [main] SauceDemo:85 - end of Program
2022-10-09 07:57:48,848  INFO [main] SauceDemo:45 - Browser open
2022-10-09 07:57:48,989  INFO [main] SauceDemo:49 - Browser maximize
2022-10-09 07:57:51,258  INFO [main] SauceDemo:51 - Website open
2022-10-09 07:57:51,512  INFO [main] SauceDemo:56 - USERNAME PASSED
2022-10-09 07:57:51,672  INFO [main] SauceDemo:58 - PASSWORD PASSED
2022-10-09 07:57:52,160  INFO [main] SauceDemo:61 - CLICK ON LOGIN
2022-10-09 07:57:52,440  INFO [main] SauceDemo:64 - Validation apply
2022-10-09 07:57:52,473  INFO [main] SauceDemo:27 - Apply Validation
2022-10-09 07:57:53,120  INFO [main] SauceDemo:83 - browser is closed
2022-10-09 07:57:53,121  INFO [main] SauceDemo:85 - end of Program
2022-10-09 07:57:55,617  INFO [main] SauceDemo:46 - Browser open
2022-10-09 07:57:55,794  INFO [main] SauceDemo:50 - Browser maximize
2022-10-09 07:57:58,055  INFO [main] SauceDemo:52 - Website open
2022-10-09 07:57:58,212  INFO [main] SauceDemo:27 -  Wrong Username Passed
2022-10-09 07:57:58,342  INFO [main] SauceDemo:29 - Wrong Password Passed
2022-10-09 07:57:58,791  INFO [main] SauceDemo:32 - Login Clicked
2022-10-09 07:57:59,027  INFO [main] SauceDemo:34 - Apply Validation
2022-10-09 07:57:59,468  INFO [main] SauceDemo:59 - browser is closed
2022-10-09 07:57:59,469  INFO [main] SauceDemo:61 - end of Program
2022-10-09 07:58:00,587  INFO [main] SauceDemo:45 - Browser open
2022-10-09 07:58:00,730  INFO [main] SauceDemo:49 - Browser maximize
2022-10-09 07:58:02,758  INFO [main] SauceDemo:51 - Website open
2022-10-09 07:58:02,933  INFO [main] SauceDemo:56 - USERNAME PASSED
2022-10-09 07:58:03,081  INFO [main] SauceDemo:58 - PASSWORD PASSED
2022-10-09 07:58:04,148  INFO [main] SauceDemo:61 - CLICK ON LOGIN
2022-10-09 07:58:05,495  INFO [main] SauceDemo:64 - Validation apply
2022-10-09 07:58:07,635  INFO [main] SauceDemo:83 - browser is closed
2022-10-09 07:58:07,635  INFO [main] SauceDemo:85 - end of Program
2022-10-09 07:58:08,892  INFO [main] SauceDemo:45 - Browser open
2022-10-09 07:58:09,030  INFO [main] SauceDemo:49 - Browser maximize
2022-10-09 07:58:10,992  INFO [main] SauceDemo:51 - Website open
2022-10-09 07:58:11,164  INFO [main] SauceDemo:56 - USERNAME PASSED
2022-10-09 07:58:11,336  INFO [main] SauceDemo:58 - PASSWORD PASSED
2022-10-09 08:03:16,866  INFO [main] SauceDemo:45 - Browser open
2022-10-09 08:03:17,018  INFO [main] SauceDemo:49 - Browser maximize
2022-10-09 08:03:20,495  INFO [main] SauceDemo:51 - Website open
2022-10-09 08:03:20,632  INFO [main] SauceDemo:56 - USERNAME PASSED
2022-10-09 08:03:20,712  INFO [main] SauceDemo:58 - PASSWORD PASSED
2022-10-09 08:03:21,537  INFO [main] SauceDemo:61 - CLICK ON LOGIN
2022-10-09 08:03:30,526  INFO [main] SauceDemo:64 - Validation apply
2022-10-09 08:03:30,553  INFO [main] SauceDemo:27 - Apply Validation
2022-10-09 08:03:31,163  INFO [main] SauceDemo:83 - browser is closed
2022-10-09 08:03:31,164  INFO [main] SauceDemo:85 - end of Program
2022-10-09 08:03:32,385  INFO [main] SauceDemo:46 - Browser open
2022-10-09 08:03:32,595  INFO [main] SauceDemo:50 - Browser maximize
2022-10-09 08:03:34,739  INFO [main] SauceDemo:52 - Website open
2022-10-09 08:03:35,243  INFO [main] SauceDemo:59 - browser is closed
2022-10-09 08:03:35,244  INFO [main] SauceDemo:61 - end of Program
2022-10-09 08:05:24,677  INFO [main] SauceDemo:45 - Browser open
2022-10-09 08:05:24,830  INFO [main] SauceDemo:49 - Browser maximize
2022-10-09 08:05:26,245  INFO [main] SauceDemo:51 - Website open
2022-10-09 08:05:26,396  INFO [main] SauceDemo:56 - USERNAME PASSED
2022-10-09 08:05:26,485  INFO [main] SauceDemo:58 - PASSWORD PASSED
2022-10-09 08:05:27,369  INFO [main] SauceDemo:61 - CLICK ON LOGIN
2022-10-09 08:05:27,959  INFO [main] SauceDemo:64 - Validation apply
2022-10-09 08:05:27,973  INFO [main] SauceDemo:27 - Apply Validation
2022-10-09 08:05:28,304  INFO [main] SauceDemo:83 - browser is closed
2022-10-09 08:05:28,304  INFO [main] SauceDemo:85 - end of Program
2022-10-09 08:05:29,852  INFO [main] SauceDemo:46 - Browser open
2022-10-09 08:05:29,986  INFO [main] SauceDemo:50 - Browser maximize
2022-10-09 08:05:32,497  INFO [main] SauceDemo:52 - Website open
2022-10-09 08:05:32,660  INFO [main] SauceDemo:27 -  Wrong Username Passed
2022-10-09 08:05:32,734  INFO [main] SauceDemo:29 - Wrong Password Passed
2022-10-09 08:05:33,002  INFO [main] SauceDemo:32 - Login Clicked
2022-10-09 08:05:33,127  INFO [main] SauceDemo:34 - Apply Validation
2022-10-09 08:05:33,394  INFO [main] SauceDemo:59 - browser is closed
2022-10-09 08:05:33,394  INFO [main] SauceDemo:61 - end of Program
2022-10-09 08:05:34,070  INFO [main] SauceDemo:45 - Browser open
2022-10-09 08:05:34,192  INFO [main] SauceDemo:49 - Browser maximize
2022-10-09 08:05:36,903  INFO [main] SauceDemo:51 - Website open
2022-10-09 08:05:37,011  INFO [main] SauceDemo:56 - USERNAME PASSED
2022-10-09 08:05:37,094  INFO [main] SauceDemo:58 - PASSWORD PASSED
2022-10-09 08:05:37,321  INFO [main] SauceDemo:61 - CLICK ON LOGIN
2022-10-09 08:05:38,115  INFO [main] SauceDemo:64 - Validation apply
2022-10-09 08:05:38,340  INFO [main] SauceDemo:28 - Apply Validation
2022-10-09 08:05:38,582  INFO [main] SauceDemo:83 - browser is closed
2022-10-09 08:05:38,582  INFO [main] SauceDemo:85 - end of Program
2022-10-09 08:05:41,210  INFO [main] SauceDemo:45 - Browser open
2022-10-09 08:05:41,541  INFO [main] SauceDemo:49 - Browser maximize
2022-10-09 08:05:43,609  INFO [main] SauceDemo:51 - Website open
2022-10-09 08:05:43,773  INFO [main] SauceDemo:56 - USERNAME PASSED
2022-10-09 08:05:43,857  INFO [main] SauceDemo:58 - PASSWORD PASSED
2022-10-09 08:05:44,103  INFO [main] SauceDemo:61 - CLICK ON LOGIN
2022-10-09 08:05:45,156  INFO [main] SauceDemo:64 - Validation apply
2022-10-09 08:05:45,352  INFO [main] SauceDemo:28 - ADD IN A CART
2022-10-09 08:05:45,352  INFO [main] SauceDemo:29 - Apply Validation
2022-10-09 08:05:45,687  INFO [main] SauceDemo:83 - browser is closed
2022-10-09 08:05:45,689  INFO [main] SauceDemo:85 - end of Program
2022-10-09 08:05:47,270  INFO [main] SauceDemo:45 - Browser open
2022-10-09 08:05:47,448  INFO [main] SauceDemo:49 - Browser maximize
2022-10-09 08:05:49,862  INFO [main] SauceDemo:51 - Website open
2022-10-09 08:05:50,043  INFO [main] SauceDemo:56 - USERNAME PASSED
2022-10-09 08:05:50,199  INFO [main] SauceDemo:58 - PASSWORD PASSED
2022-10-09 08:05:50,581  INFO [main] SauceDemo:61 - CLICK ON LOGIN
2022-10-09 08:05:50,894  INFO [main] SauceDemo:64 - Validation apply
2022-10-09 08:05:51,032  INFO [main] SauceDemo:28 - ADD IN A CART LOGO SHOWING NUMBER OF PRODUCT
2022-10-09 08:05:51,032  INFO [main] SauceDemo:29 - Apply Validation
2022-10-09 08:05:51,409  INFO [main] SauceDemo:41 - IN THE CART
2022-10-09 08:05:51,912  INFO [main] SauceDemo:83 - browser is closed
2022-10-09 08:05:51,912  INFO [main] SauceDemo:85 - end of Program
2022-10-09 08:05:55,242  INFO [main] SauceDemo:45 - Browser open
2022-10-09 08:05:55,393  INFO [main] SauceDemo:49 - Browser maximize
2022-10-09 08:05:56,557  INFO [main] SauceDemo:51 - Website open
2022-10-09 08:05:56,729  INFO [main] SauceDemo:56 - USERNAME PASSED
2022-10-09 08:05:56,874  INFO [main] SauceDemo:58 - PASSWORD PASSED
2022-10-09 08:05:57,280  INFO [main] SauceDemo:61 - CLICK ON LOGIN
2022-10-09 08:05:57,687  INFO [main] SauceDemo:64 - Validation apply
2022-10-09 08:05:58,515  INFO [main] SauceDemo:44 - IN THE CART
2022-10-09 08:05:58,792  INFO [main] SauceDemo:51 - INFO PAGE
2022-10-09 08:05:58,933  INFO [main] SauceDemo:57 - FIRST NAME PASSED
2022-10-09 08:05:59,108  INFO [main] SauceDemo:60 - LAST NAME PASSED
2022-10-09 08:05:59,256  INFO [main] SauceDemo:63 - ZIP CODE PASSED
2022-10-09 08:05:59,548  INFO [main] SauceDemo:66 - Continue Button Clicked
2022-10-09 08:05:59,872  INFO [main] SauceDemo:73 - OVERVIEW COMPLETE
2022-10-09 08:05:59,884  INFO [main] SauceDemo:74 - Apply Validation
2022-10-09 08:06:00,431  INFO [main] SauceDemo:83 - browser is closed
2022-10-09 08:06:00,432  INFO [main] SauceDemo:85 - end of Program
2022-10-09 08:06:03,886  INFO [main] SauceDemo:45 - Browser open
2022-10-09 08:06:04,028  INFO [main] SauceDemo:49 - Browser maximize
2022-10-09 08:06:05,206  INFO [main] SauceDemo:51 - Website open
2022-10-09 08:06:05,374  INFO [main] SauceDemo:56 - USERNAME PASSED
2022-10-09 08:06:05,520  INFO [main] SauceDemo:58 - PASSWORD PASSED
2022-10-09 08:06:05,877  INFO [main] SauceDemo:61 - CLICK ON LOGIN
2022-10-09 08:06:07,002  INFO [main] SauceDemo:64 - Validation apply
2022-10-09 08:06:07,101  INFO [main] SauceDemo:30 - ADD IN A CART LOGO SHOWING NUMBER OF PRODUCT
2022-10-09 08:06:07,102  INFO [main] SauceDemo:31 - Apply Validation
2022-10-09 08:06:07,279  INFO [main] SauceDemo:45 - IN THE CART
2022-10-09 08:06:07,383  INFO [main] SauceDemo:51 - INFO PAGE
2022-10-09 08:06:07,520  INFO [main] SauceDemo:57 - FIRST NAME PASSED
2022-10-09 08:06:07,692  INFO [main] SauceDemo:60 - LAST NAME PASSED
2022-10-09 08:06:07,855  INFO [main] SauceDemo:63 - ZIP CODE PASSED
2022-10-09 08:06:08,002  INFO [main] SauceDemo:66 - Continue Button Clicked
2022-10-09 08:06:08,139  INFO [main] SauceDemo:72 - OVERVIEW COMPLETE
2022-10-09 08:06:08,140  INFO [main] SauceDemo:73 - Apply Validation
2022-10-09 08:06:08,425  INFO [main] SauceDemo:85 - MENU WINDOW OPEN
2022-10-09 08:06:08,561  INFO [main] SauceDemo:88 - Logout Button Clicked
2022-10-09 08:06:08,562  INFO [main] SauceDemo:89 - Apply Validation
2022-10-09 08:06:09,024  INFO [main] SauceDemo:83 - browser is closed
2022-10-09 08:06:09,025  INFO [main] SauceDemo:85 - end of Program
2022-10-09 08:06:10,907  INFO [main] SauceDemo:45 - Browser open
2022-10-09 08:06:11,054  INFO [main] SauceDemo:49 - Browser maximize
2022-10-09 08:06:13,877  INFO [main] SauceDemo:51 - Website open
2022-10-09 08:06:14,042  INFO [main] SauceDemo:56 - USERNAME PASSED
2022-10-09 08:06:14,190  INFO [main] SauceDemo:58 - PASSWORD PASSED
2022-10-09 08:06:14,647  INFO [main] SauceDemo:61 - CLICK ON LOGIN
2022-10-09 08:06:15,269  INFO [main] SauceDemo:64 - Validation apply
2022-10-09 08:06:15,609  INFO [main] SauceDemo:27 - Filter Clicked
2022-10-09 08:06:15,609  INFO [main] SauceDemo:28 - Apply Validation
2022-10-09 08:06:16,025  INFO [main] SauceDemo:83 - browser is closed
2022-10-09 08:06:16,025  INFO [main] SauceDemo:85 - end of Program
2022-10-09 08:22:09,324  INFO [main] SauceDemo:45 - Browser open
2022-10-09 08:22:09,462  INFO [main] SauceDemo:49 - Browser maximize
2022-10-09 08:22:11,198  INFO [main] SauceDemo:51 - Website open
2022-10-09 08:22:11,421  INFO [main] SauceDemo:56 - USERNAME PASSED
2022-10-09 08:22:11,567  INFO [main] SauceDemo:58 - PASSWORD PASSED
2022-10-09 08:22:12,025  INFO [main] SauceDemo:61 - CLICK ON LOGIN
2022-10-09 08:22:12,286  INFO [main] SauceDemo:64 - Validation apply
2022-10-09 08:22:12,307  INFO [main] SauceDemo:27 - Apply Validation
2022-10-09 08:22:12,565  INFO [main] SauceDemo:83 - browser is closed
2022-10-09 08:22:12,566  INFO [main] SauceDemo:85 - end of Program
2022-10-09 08:22:14,843  INFO [main] SauceDemo:46 - Browser open
2022-10-09 08:22:14,980  INFO [main] SauceDemo:50 - Browser maximize
2022-10-09 08:22:15,909  INFO [main] SauceDemo:52 - Website open
2022-10-09 08:22:16,039  INFO [main] SauceDemo:27 -  Wrong Username Passed
2022-10-09 08:22:16,106  INFO [main] SauceDemo:29 - Wrong Password Passed
2022-10-09 08:22:17,250  INFO [main] SauceDemo:59 - browser is closed
2022-10-09 08:22:17,251  INFO [main] SauceDemo:61 - end of Program
2022-10-09 08:22:18,078  INFO [main] SauceDemo:45 - Browser open
2022-10-09 08:22:18,241  INFO [main] SauceDemo:49 - Browser maximize
2022-10-09 08:22:19,971  INFO [main] SauceDemo:51 - Website open
